0 silly argv {
0 silly argv   _: [ 'run' ],
0 silly argv   lernaVersion: '6.6.2',
0 silly argv   '$0': 'node_modules\\lerna\\dist\\cli.js',
0 silly argv   script: 'start'
0 silly argv }
1 notice cli v6.6.2
2 verbose rootPath C:\Users\vital\Documents\docs\dev\workspace\monorepo
3 error JSONError: Unexpected token "}" (0x7D) in JSON at position 2031 while parsing near "...lugin\": \"^6.4.1\",\n  },\n  \"scripts\": {\n  ..." in packages\shell\package.json
3 error
3 error [0m [90m 62 |[39m     [32m"webpack-manifest-plugin"[39m[33m:[39m [32m"^4.0.2"[39m[33m,[39m[0m
3 error [0m [90m 63 |[39m     [32m"workbox-webpack-plugin"[39m[33m:[39m [32m"^6.4.1"[39m[33m,[39m[0m
3 error [0m[31m[1m>[22m[39m[90m 64 |[39m   }[33m,[39m[0m
3 error [0m [90m    |[39m   [31m[1m^[22m[39m[0m
3 error [0m [90m 65 |[39m   [32m"scripts"[39m[33m:[39m {[0m
3 error [0m [90m 66 |[39m     [32m"start"[39m[33m:[39m [32m"cross-env PORT=3000 node scripts/start.js"[39m[33m,[39m[0m
3 error [0m [90m 67 |[39m     [32m"build"[39m[33m:[39m [32m"node scripts/build.js"[39m[33m,[39m[0m
3 error
3 error     at parseJson (C:\Users\vital\Documents\docs\dev\workspace\monorepo\node_modules\parse-json\index.js:29:21)
3 error     at parse (C:\Users\vital\Documents\docs\dev\workspace\monorepo\node_modules\load-json-file\index.js:15:9)
3 error     at module.exports (C:\Users\vital\Documents\docs\dev\workspace\monorepo\node_modules\load-json-file\index.js:18:47)
